Using pre-set license
Built from '2020.3/staging' branch; Version is '2020.3.4f1 (0abb6314276a) revision 703331'; Using compiler version '192528614'; Build Type 'Release'
OS: 'Windows 10 Home; OS build 19043.1165; Version 2009; 64bit' Language: 'en' Physical Memory: 32685 MB
BatchMode: 1, IsHumanControllingUs: 0, StartBugReporterOnCrash: 0, Is64bit: 1, IsPro: 0

 COMMAND LINE ARGUMENTS:
C:\Program Files\Unity\Hub\Editor\2020.3.4f1\Editor\Unity.exe
-adb2
-batchMode
-noUpm
-name
AssetImportWorker0
-projectPath
D:/Unity/Volumetrix/RealSense
-logFile
Logs/AssetImportWorker0.log
-srvPort
65004
Successfully changed project path to: D:/Unity/Volumetrix/RealSense
D:/Unity/Volumetrix/RealSense
Using Asset Import Pipeline V2.
Refreshing native plugins compatible for Editor in 115.24 ms, found 2 plugins.
Preloading 0 native plugins for Editor in 0.00 ms.
Initialize engine version: 2020.3.4f1 (0abb6314276a)
[Subsystems] Discovering subsystems at path C:/Program Files/Unity/Hub/Editor/2020.3.4f1/Editor/Data/Resources/UnitySubsystems
[Subsystems] Discovering subsystems at path D:/Unity/Volumetrix/RealSense/Assets
GfxDevice: creating device client; threaded=0
Direct3D:
    Version:  Direct3D 11.0 [level 11.1]
    Renderer: NVIDIA GeForce RTX 2060 (ID=0x1e89)
    Vendor:   
    VRAM:     5968 MB
    Driver:   27.21.14.6089
Initialize mono
Mono path[0] = 'C:/Program Files/Unity/Hub/Editor/2020.3.4f1/Editor/Data/Managed'
Mono path[1] = 'C:/Program Files/Unity/Hub/Editor/2020.3.4f1/Editor/Data/MonoBleedingEdge/lib/mono/unityjit'
Mono config path = 'C:/Program Files/Unity/Hub/Editor/2020.3.4f1/Editor/Data/MonoBleedingEdge/etc'
Using monoOptions --debugger-agent=transport=dt_socket,embedding=1,server=y,suspend=n,address=127.0.0.1:56872
Begin MonoManager ReloadAssembly
Registering precompiled unity dll's ...
Register platform support module: C:/Program Files/Unity/Hub/Editor/2020.3.4f1/Editor/Data/PlaybackEngines/WindowsStandaloneSupport/UnityEditor.WindowsStandalone.Extensions.dll
Registered in 0.001730 seconds.
Native extension for WindowsStandalone target not found
Refreshing native plugins compatible for Editor in 63.62 ms, found 2 plugins.
Preloading 0 native plugins for Editor in 0.00 ms.
Mono: successfully reloaded assembly
- Completed reload, in  1.925 seconds
Platform modules already initialized, skipping
Registering precompiled user dll's ...
Registered in 0.015346 seconds.
Begin MonoManager ReloadAssembly
Native extension for WindowsStandalone target not found
Refreshing native plugins compatible for Editor in 1.88 ms, found 2 plugins.
Preloading 0 native plugins for Editor in 0.00 ms.
Mono: successfully reloaded assembly
- Completed reload, in  0.792 seconds
Platform modules already initialized, skipping
========================================================================
Worker process is ready to serve import requests
Launched and connected shader compiler UnityShaderCompiler.exe after 0.06 seconds
Refreshing native plugins compatible for Editor in 1.82 ms, found 2 plugins.
Preloading 0 native plugins for Editor in 0.00 ms.
Unloading 1971 Unused Serialized files (Serialized files now loaded: 0)
System memory in use before: 86.6 MB.
System memory in use after: 86.7 MB.

Unloading 208 unused Assets to reduce memory usage. Loaded Objects now: 2227.
Total: 2.002800 ms (FindLiveObjects: 0.290200 ms CreateObjectMapping: 0.080600 ms MarkObjects: 1.541500 ms  DeleteObjects: 0.089600 ms)

========================================================================
Received Import Request.
  path: Assets/RealSenseSDK2.0/Scenes/MultiAruco.unity
  artifactKey: Guid(3077841d775c6a74191113ab4d2ca5e5) Importer(815301076,1909f56bfc062723c751e8b465ee728b)
Start importing Assets/RealSenseSDK2.0/Scenes/MultiAruco.unity using Guid(3077841d775c6a74191113ab4d2ca5e5) Importer(815301076,1909f56bfc062723c751e8b465ee728b)  -> (artifact id: '2a62c8ea879a74fa1b671d45addc4528') in 0.039788 seconds
  Import took 0.042968 seconds .

========================================================================
Received Import Request.
  Time since last request: 29.456244 seconds.
  path: Assets/RealSenseSDK2.0/Scenes/MultiConnection.unity
  artifactKey: Guid(7ca3c775280594e45b46e4873277d314) Importer(815301076,1909f56bfc062723c751e8b465ee728b)
Start importing Assets/RealSenseSDK2.0/Scenes/MultiConnection.unity using Guid(7ca3c775280594e45b46e4873277d314) Importer(815301076,1909f56bfc062723c751e8b465ee728b)  -> (artifact id: '711ac8e51be27c9ca8b4b7f7a576287c') in 0.006485 seconds
  Import took 0.009550 seconds .

========================================================================
Received Import Request.
  Time since last request: 0.001000 seconds.
  path: Assets/RealSenseSDK2.0/Scenes/MultiConnection.unity
  artifactKey: Guid(7ca3c775280594e45b46e4873277d314) Importer(815301076,1909f56bfc062723c751e8b465ee728b)
Start importing Assets/RealSenseSDK2.0/Scenes/MultiConnection.unity using Guid(7ca3c775280594e45b46e4873277d314) Importer(815301076,1909f56bfc062723c751e8b465ee728b)  -> (artifact id: '711ac8e51be27c9ca8b4b7f7a576287c') in 0.003191 seconds
  Import took 0.006047 seconds .

========================================================================
Received Import Request.
  Time since last request: 33.506596 seconds.
  path: Assets/RealSenseSDK2.0/Scenes/MultiAruco.unity
  artifactKey: Guid(3077841d775c6a74191113ab4d2ca5e5) Importer(815301076,1909f56bfc062723c751e8b465ee728b)
Start importing Assets/RealSenseSDK2.0/Scenes/MultiAruco.unity using Guid(3077841d775c6a74191113ab4d2ca5e5) Importer(815301076,1909f56bfc062723c751e8b465ee728b)  -> (artifact id: '8ec4977ada8949f10bc1c246c650c123') in 0.003409 seconds
  Import took 0.220550 seconds .

========================================================================
Received Prepare
Registering precompiled user dll's ...
Registered in 0.014847 seconds.
Begin MonoManager ReloadAssembly
Native extension for WindowsStandalone target not found
Refreshing native plugins compatible for Editor in 2.60 ms, found 2 plugins.
Preloading 0 native plugins for Editor in 0.00 ms.
Mono: successfully reloaded assembly
- Completed reload, in  0.735 seconds
Platform modules already initialized, skipping
Refreshing native plugins compatible for Editor in 2.36 ms, found 2 plugins.
Preloading 0 native plugins for Editor in 0.00 ms.
Unloading 1959 Unused Serialized files (Serialized files now loaded: 0)
System memory in use before: 85.9 MB.
System memory in use after: 86.0 MB.

Unloading 199 unused Assets to reduce memory usage. Loaded Objects now: 2230.
Total: 1.793100 ms (FindLiveObjects: 0.249300 ms CreateObjectMapping: 0.045400 ms MarkObjects: 1.437800 ms  DeleteObjects: 0.059700 ms)

========================================================================
Received Prepare
Registering precompiled user dll's ...
Registered in 0.014837 seconds.
Begin MonoManager ReloadAssembly
Native extension for WindowsStandalone target not found
Refreshing native plugins compatible for Editor in 2.01 ms, found 2 plugins.
Preloading 0 native plugins for Editor in 0.00 ms.
Mono: successfully reloaded assembly
- Completed reload, in  0.727 seconds
Platform modules already initialized, skipping
Refreshing native plugins compatible for Editor in 1.91 ms, found 2 plugins.
Preloading 0 native plugins for Editor in 0.00 ms.
Unloading 1959 Unused Serialized files (Serialized files now loaded: 0)
System memory in use before: 85.9 MB.
System memory in use after: 86.0 MB.

Unloading 199 unused Assets to reduce memory usage. Loaded Objects now: 2233.
Total: 1.805700 ms (FindLiveObjects: 0.253500 ms CreateObjectMapping: 0.046800 ms MarkObjects: 1.443400 ms  DeleteObjects: 0.060900 ms)

