Using pre-set license
Built from '2020.3/staging' branch; Version is '2020.3.4f1 (0abb6314276a) revision 703331'; Using compiler version '192528614'; Build Type 'Release'
OS: 'Windows 10 Home; OS build 19043.1165; Version 2009; 64bit' Language: 'en' Physical Memory: 32685 MB
BatchMode: 1, IsHumanControllingUs: 0, StartBugReporterOnCrash: 0, Is64bit: 1, IsPro: 0

 COMMAND LINE ARGUMENTS:
C:\Program Files\Unity\Hub\Editor\2020.3.4f1\Editor\Unity.exe
-adb2
-batchMode
-noUpm
-name
AssetImportWorker0
-projectPath
D:/Unity/Volumetrix/RealSense
-logFile
Logs/AssetImportWorker0.log
-srvPort
57880
Successfully changed project path to: D:/Unity/Volumetrix/RealSense
D:/Unity/Volumetrix/RealSense
Using Asset Import Pipeline V2.
Refreshing native plugins compatible for Editor in 113.97 ms, found 2 plugins.
Preloading 0 native plugins for Editor in 0.00 ms.
Initialize engine version: 2020.3.4f1 (0abb6314276a)
[Subsystems] Discovering subsystems at path C:/Program Files/Unity/Hub/Editor/2020.3.4f1/Editor/Data/Resources/UnitySubsystems
[Subsystems] Discovering subsystems at path D:/Unity/Volumetrix/RealSense/Assets
GfxDevice: creating device client; threaded=0
Direct3D:
    Version:  Direct3D 11.0 [level 11.1]
    Renderer: NVIDIA GeForce RTX 2060 (ID=0x1e89)
    Vendor:   
    VRAM:     5968 MB
    Driver:   27.21.14.6089
Initialize mono
Mono path[0] = 'C:/Program Files/Unity/Hub/Editor/2020.3.4f1/Editor/Data/Managed'
Mono path[1] = 'C:/Program Files/Unity/Hub/Editor/2020.3.4f1/Editor/Data/MonoBleedingEdge/lib/mono/unityjit'
Mono config path = 'C:/Program Files/Unity/Hub/Editor/2020.3.4f1/Editor/Data/MonoBleedingEdge/etc'
Using monoOptions --debugger-agent=transport=dt_socket,embedding=1,server=y,suspend=n,address=127.0.0.1:56268
Begin MonoManager ReloadAssembly
Registering precompiled unity dll's ...
Register platform support module: C:/Program Files/Unity/Hub/Editor/2020.3.4f1/Editor/Data/PlaybackEngines/WindowsStandaloneSupport/UnityEditor.WindowsStandalone.Extensions.dll
Registered in 0.002296 seconds.
Native extension for WindowsStandalone target not found
Refreshing native plugins compatible for Editor in 63.94 ms, found 2 plugins.
Preloading 0 native plugins for Editor in 0.00 ms.
Mono: successfully reloaded assembly
- Completed reload, in  1.127 seconds
Platform modules already initialized, skipping
Registering precompiled user dll's ...
Registered in 0.014377 seconds.
Begin MonoManager ReloadAssembly
Native extension for WindowsStandalone target not found
Refreshing native plugins compatible for Editor in 1.94 ms, found 2 plugins.
Preloading 0 native plugins for Editor in 0.00 ms.
Mono: successfully reloaded assembly
- Completed reload, in  0.832 seconds
Platform modules already initialized, skipping
========================================================================
Worker process is ready to serve import requests
Launched and connected shader compiler UnityShaderCompiler.exe after 0.05 seconds
Refreshing native plugins compatible for Editor in 3.70 ms, found 2 plugins.
Preloading 0 native plugins for Editor in 0.00 ms.
Unloading 1971 Unused Serialized files (Serialized files now loaded: 0)
System memory in use before: 86.5 MB.
System memory in use after: 86.5 MB.

Unloading 208 unused Assets to reduce memory usage. Loaded Objects now: 2226.
Total: 2.179000 ms (FindLiveObjects: 0.413400 ms CreateObjectMapping: 0.063600 ms MarkObjects: 1.591500 ms  DeleteObjects: 0.109200 ms)

========================================================================
Received Import Request.
  path: Assets/RealSenseSDK2.0/Scenes/ColorPointCloud.unity
  artifactKey: Guid(58ce33df668e7fd459436bbaa01f6ac7) Importer(815301076,1909f56bfc062723c751e8b465ee728b)
Start importing Assets/RealSenseSDK2.0/Scenes/ColorPointCloud.unity using Guid(58ce33df668e7fd459436bbaa01f6ac7) Importer(815301076,1909f56bfc062723c751e8b465ee728b)  -> (artifact id: '63f2b77fe77809e4dc9617fb32a10291') in 0.019803 seconds
  Import took 0.023342 seconds .

========================================================================
Received Import Request.
  Time since last request: 0.000247 seconds.
  path: Assets/RealSenseSDK2.0/Scenes/ArUco.unity
  artifactKey: Guid(448540d157b0769438ebae33b2de7047) Importer(815301076,1909f56bfc062723c751e8b465ee728b)
Start importing Assets/RealSenseSDK2.0/Scenes/ArUco.unity using Guid(448540d157b0769438ebae33b2de7047) Importer(815301076,1909f56bfc062723c751e8b465ee728b)  -> (artifact id: 'd1247e7297dbc5819dce1303be9faf31') in 0.007752 seconds
  Import took 0.010208 seconds .

========================================================================
Received Import Request.
  Time since last request: 0.388092 seconds.
  path: Assets/RealSenseSDK2.0/Scenes/MultiConnection.unity
  artifactKey: Guid(7ca3c775280594e45b46e4873277d314) Importer(815301076,1909f56bfc062723c751e8b465ee728b)
Start importing Assets/RealSenseSDK2.0/Scenes/MultiConnection.unity using Guid(7ca3c775280594e45b46e4873277d314) Importer(815301076,1909f56bfc062723c751e8b465ee728b)  -> (artifact id: 'd48985befdc189a99330d213acfcd7fc') in 0.007738 seconds
  Import took 0.011105 seconds .

========================================================================
Received Import Request.
  Time since last request: 8.530568 seconds.
  path: Assets/RealSenseSDK2.0/Scenes/ViveViewer.unity
  artifactKey: Guid(3e69045424e92194d81abb9b803caebf) Importer(815301076,1909f56bfc062723c751e8b465ee728b)
Start importing Assets/RealSenseSDK2.0/Scenes/ViveViewer.unity using Guid(3e69045424e92194d81abb9b803caebf) Importer(815301076,1909f56bfc062723c751e8b465ee728b)  -> (artifact id: '0411114a3f3179a2a0d2a3ee698bc1b8') in 0.006170 seconds
  Import took 0.009017 seconds .

